2018-08-02 17:28:17 -Starting Application on PC-20170307RFXE with PID 7036 (D:\eclipse-workspace\bootdo\target\classes started by Administrator in D:\eclipse-workspace\bootdo)
2018-08-02 17:28:17 -The following profiles are active: dev
2018-08-02 17:28:17 -HV000001: Hibernate Validator 5.3.6.Final
2018-08-02 17:28:17 -Refreshing org.springframework.boot.context.embedded.AnnotationConfigEmbeddedWebApplicationContext@27c34bb8: startup date [Thu Aug 02 17:28:17 CST 2018]; root of context hierarchy
2018-08-02 17:28:20 -Multiple Spring Data modules found, entering strict repository configuration mode!
2018-08-02 17:28:23 -Bean 'org.springframework.cache.annotation.ProxyCachingConfiguration' of type [org.springframework.cache.annotation.ProxyCachingConfiguration$$EnhancerBySpringCGLIB$$6e4b3556] is not eligible for getting processed by all BeanPostProcessors (for example: not eligible for auto-proxying)
2018-08-02 17:28:23 -Bean 'org.springframework.boot.autoconfigure.cache.CacheAutoConfiguration' of type [org.springframework.boot.autoconfigure.cache.CacheAutoConfiguration$$EnhancerBySpringCGLIB$$62bef9fa] is not eligible for getting processed by all BeanPostProcessors (for example: not eligible for auto-proxying)
2018-08-02 17:28:23 -Bean 'spring.cache-org.springframework.boot.autoconfigure.cache.CacheProperties' of type [org.springframework.boot.autoconfigure.cache.CacheProperties] is not eligible for getting processed by all BeanPostProcessors (for example: not eligible for auto-proxying)
2018-08-02 17:28:23 -Bean 'cacheManagerCustomizers' of type [org.springframework.boot.autoconfigure.cache.CacheManagerCustomizers] is not eligible for getting processed by all BeanPostProcessors (for example: not eligible for auto-proxying)
2018-08-02 17:28:23 -Bean 'org.springframework.boot.autoconfigure.cache.EhCacheCacheConfiguration' of type [org.springframework.boot.autoconfigure.cache.EhCacheCacheConfiguration$$EnhancerBySpringCGLIB$$fd5dc6f8] is not eligible for getting processed by all BeanPostProcessors (for example: not eligible for auto-proxying)
2018-08-02 17:28:23 -Bean 'ehCacheCacheManager' of type [net.sf.ehcache.CacheManager] is not eligible for getting processed by all BeanPostProcessors (for example: not eligible for auto-proxying)
2018-08-02 17:28:23 -Bean 'cacheManager' of type [org.springframework.cache.ehcache.EhCacheCacheManager] is not eligible for getting processed by all BeanPostProcessors (for example: not eligible for auto-proxying)
2018-08-02 17:28:23 -Bean 'cacheAutoConfigurationValidator' of type [org.springframework.boot.autoconfigure.cache.CacheAutoConfiguration$CacheManagerValidator] is not eligible for getting processed by all BeanPostProcessors (for example: not eligible for auto-proxying)
2018-08-02 17:28:23 -Bean 'org.springframework.transaction.annotation.ProxyTransactionManagementConfiguration' of type [org.springframework.transaction.annotation.ProxyTransactionManagementConfiguration$$EnhancerBySpringCGLIB$$2538ff38] is not eligible for getting processed by all BeanPostProcessors (for example: not eligible for auto-proxying)
2018-08-02 17:28:23 -Bean 'shiroConfig' of type [com.base.system.config.ShiroConfig$$EnhancerBySpringCGLIB$$fb064e73] is not eligible for getting processed by all BeanPostProcessors (for example: not eligible for auto-proxying)
2018-08-02 17:28:24 -Bean 'userRealm' of type [com.base.system.shiro.UserRealm] is not eligible for getting processed by all BeanPostProcessors (for example: not eligible for auto-proxying)
2018-08-02 17:28:24 -No configuration found. Configuring ehcache from ehcache-failsafe.xml  found in the classpath: jar:file:/D:/Maven/repo/net/sf/ehcache/ehcache-core/2.5.3/ehcache-core-2.5.3.jar!/ehcache-failsafe.xml
2018-08-02 17:28:24 -Bean 'ehCacheManager' of type [org.apache.shiro.cache.ehcache.EhCacheManager] is not eligible for getting processed by all BeanPostProcessors (for example: not eligible for auto-proxying)
2018-08-02 17:28:24 -Cache with name 'com.base.system.shiro.UserRealm.authorizationCache' does not yet exist.  Creating now.
2018-08-02 17:28:24 -Added EhCache named [com.base.system.shiro.UserRealm.authorizationCache]
2018-08-02 17:28:24 -Bean 'sessionDAO' of type [org.apache.shiro.session.mgt.eis.MemorySessionDAO] is not eligible for getting processed by all BeanPostProcessors (for example: not eligible for auto-proxying)
2018-08-02 17:28:24 -Bean 'sessionManager' of type [org.apache.shiro.web.session.mgt.DefaultWebSessionManager] is not eligible for getting processed by all BeanPostProcessors (for example: not eligible for auto-proxying)
2018-08-02 17:28:24 -Bean 'securityManager' of type [org.apache.shiro.web.mgt.DefaultWebSecurityManager] is not eligible for getting processed by all BeanPostProcessors (for example: not eligible for auto-proxying)
2018-08-02 17:28:24 -Bean 'authorizationAttributeSourceAdvisor' of type [org.apache.shiro.spring.security.interceptor.AuthorizationAttributeSourceAdvisor] is not eligible for getting processed by all BeanPostProcessors (for example: not eligible for auto-proxying)
2018-08-02 17:28:24 -Tomcat initialized with port(s): 80 (http)
2018-08-02 17:28:24 -Starting service [Tomcat]
2018-08-02 17:28:24 -Starting Servlet Engine: Apache Tomcat/8.5.23
2018-08-02 17:28:24 -Initializing Spring embedded WebApplicationContext
2018-08-02 17:28:24 -Root WebApplicationContext: initialization completed in 6858 ms
2018-08-02 17:28:25 -Mapping filter: 'characterEncodingFilter' to: [/*]
2018-08-02 17:28:25 -Mapping filter: 'hiddenHttpMethodFilter' to: [/*]
2018-08-02 17:28:25 -Mapping filter: 'httpPutFormContentFilter' to: [/*]
2018-08-02 17:28:25 -Mapping filter: 'requestContextFilter' to: [/*]
2018-08-02 17:28:25 -Filter xssFilter was not registered (disabled)
2018-08-02 17:28:25 -Mapping filter: 'webStatFilter' to urls: [/*]
2018-08-02 17:28:25 -Mapping filter: 'shiroFilterFactoryBean' to: [/*]
2018-08-02 17:28:25 -Mapping servlet: 'statViewServlet' to [/druid/*]
2018-08-02 17:28:25 -Mapping servlet: 'dispatcherServlet' to [/]
2018-08-02 17:28:25 -{dataSource-1} inited
2018-08-02 17:28:26 -Using default implementation for ThreadExecutor
2018-08-02 17:28:26 -Initialized Scheduler Signaller of type: class org.quartz.core.SchedulerSignalerImpl
2018-08-02 17:28:26 -Quartz Scheduler v.2.2.1 created.
2018-08-02 17:28:26 -RAMJobStore initialized.
2018-08-02 17:28:26 -Scheduler meta-data: Quartz Scheduler (v2.2.1) 'schedulerFactoryBean' with instanceId 'NON_CLUSTERED'
  Scheduler class: 'org.quartz.core.QuartzScheduler' - running locally.
  NOT STARTED.
  Currently in standby mode.
  Number of jobs executed: 0
  Using thread pool 'org.quartz.simpl.SimpleThreadPool' - with 10 threads.
  Using job-store 'org.quartz.simpl.RAMJobStore' - which does not support persistence. and is not clustered.

2018-08-02 17:28:26 -Quartz scheduler 'schedulerFactoryBean' initialized from an externally provided properties instance.
2018-08-02 17:28:26 -Quartz scheduler version: 2.2.1
2018-08-02 17:28:26 -JobFactory set to: com.base.common.quartz.factory.JobFactory@73144ae8
2018-08-02 17:28:27 -Initializing ExecutorService  'clientInboundChannelExecutor'
2018-08-02 17:28:27 -Initializing ExecutorService  'clientOutboundChannelExecutor'
2018-08-02 17:28:28 -Mapped "{[/blog/open/post/{cid}],methods=[GET]}" onto java.lang.String com.base.blog.controller.BlogController.post(java.lang.Long,org.springframework.ui.Model)
2018-08-02 17:28:28 -Mapped "{[/blog],methods=[GET]}" onto java.lang.String com.base.blog.controller.BlogController.blog()
2018-08-02 17:28:28 -Mapped "{[/blog/open/list],methods=[GET]}" onto public com.base.common.utils.PageUtils com.base.blog.controller.BlogController.opentList(java.util.Map<java.lang.String, java.lang.Object>)
2018-08-02 17:28:28 -Mapped "{[/blog/open/page/{categories}],methods=[GET]}" onto java.lang.String com.base.blog.controller.BlogController.about(java.lang.String,org.springframework.ui.Model)
2018-08-02 17:28:28 -Mapped "{[/blog/bContent/add],methods=[GET]}" onto java.lang.String com.base.blog.controller.ContentController.add()
2018-08-02 17:28:28 -Mapped "{[/blog/bContent/remove],methods=[POST]}" onto public com.base.common.utils.R com.base.blog.controller.ContentController.remove(java.lang.Long)
2018-08-02 17:28:28 -Mapped "{[/blog/bContent/batchRemove],methods=[POST]}" onto public com.base.common.utils.R com.base.blog.controller.ContentController.remove(java.lang.Long[])
2018-08-02 17:28:28 -Mapped "{[/blog/bContent/update]}" onto public com.base.common.utils.R com.base.blog.controller.ContentController.update(com.base.blog.domain.ContentDO)
2018-08-02 17:28:28 -Mapped "{[/blog/bContent/list],methods=[GET]}" onto public com.base.common.utils.PageUtils com.base.blog.controller.ContentController.list(java.util.Map<java.lang.String, java.lang.Object>)
2018-08-02 17:28:28 -Mapped "{[/blog/bContent/save],methods=[POST]}" onto public com.base.common.utils.R com.base.blog.controller.ContentController.save(com.base.blog.domain.ContentDO)
2018-08-02 17:28:28 -Mapped "{[/blog/bContent],methods=[GET]}" onto java.lang.String com.base.blog.controller.ContentController.bContent()
2018-08-02 17:28:28 -Mapped "{[/blog/bContent/edit/{cid}],methods=[GET]}" onto java.lang.String com.base.blog.controller.ContentController.edit(java.lang.Long,org.springframework.ui.Model)
2018-08-02 17:28:28 -Mapped "{[/common/dict/add],methods=[GET]}" onto java.lang.String com.base.common.controller.DictController.add()
2018-08-02 17:28:28 -Mapped "{[/common/dict/remove],methods=[POST]}" onto public com.base.common.utils.R com.base.common.controller.DictController.remove(java.lang.Long)
2018-08-02 17:28:28 -Mapped "{[/common/dict/batchRemove],methods=[POST]}" onto public com.base.common.utils.R com.base.common.controller.DictController.remove(java.lang.Long[])
2018-08-02 17:28:28 -Mapped "{[/common/dict/update]}" onto public com.base.common.utils.R com.base.common.controller.DictController.update(com.base.common.domain.DictDO)
2018-08-02 17:28:28 -Mapped "{[/common/dict/list],methods=[GET]}" onto public com.base.common.utils.PageUtils com.base.common.controller.DictController.list(java.util.Map<java.lang.String, java.lang.Object>)
2018-08-02 17:28:28 -Mapped "{[/common/dict/save],methods=[POST]}" onto public com.base.common.utils.R com.base.common.controller.DictController.save(com.base.common.domain.DictDO)
2018-08-02 17:28:28 -Mapped "{[/common/dict/type],methods=[GET]}" onto public java.util.List<com.base.common.domain.DictDO> com.base.common.controller.DictController.listType()
2018-08-02 17:28:28 -Mapped "{[/common/dict/edit/{id}],methods=[GET]}" onto java.lang.String com.base.common.controller.DictController.edit(java.lang.Long,org.springframework.ui.Model)
2018-08-02 17:28:28 -Mapped "{[/common/dict],methods=[GET]}" onto java.lang.String com.base.common.controller.DictController.dict()
2018-08-02 17:28:28 -Mapped "{[/common/dict/add/{type}/{description}],methods=[GET]}" onto java.lang.String com.base.common.controller.DictController.addD(org.springframework.ui.Model,java.lang.String,java.lang.String)
2018-08-02 17:28:28 -Mapped "{[/common/dict/list/{type}],methods=[GET]}" onto public java.util.List<com.base.common.domain.DictDO> com.base.common.controller.DictController.listByType(java.lang.String)
2018-08-02 17:28:28 -Mapped "{[/common/sysFile/add],methods=[GET]}" onto java.lang.String com.base.common.controller.FileController.add()
2018-08-02 17:28:28 -Mapped "{[/common/sysFile/remove],methods=[POST]}" onto public com.base.common.utils.R com.base.common.controller.FileController.remove(java.lang.Long,javax.servlet.http.HttpServletRequest)
2018-08-02 17:28:28 -Mapped "{[/common/sysFile/batchRemove],methods=[POST]}" onto public com.base.common.utils.R com.base.common.controller.FileController.remove(java.lang.Long[])
2018-08-02 17:28:28 -Mapped "{[/common/sysFile/update]}" onto public com.base.common.utils.R com.base.common.controller.FileController.update(com.base.common.domain.FileDO)
2018-08-02 17:28:28 -Mapped "{[/common/sysFile/list],methods=[GET]}" onto public com.base.common.utils.PageUtils com.base.common.controller.FileController.list(java.util.Map<java.lang.String, java.lang.Object>)
2018-08-02 17:28:28 -Mapped "{[/common/sysFile/save],methods=[POST]}" onto public com.base.common.utils.R com.base.common.controller.FileController.save(com.base.common.domain.FileDO)
2018-08-02 17:28:28 -Mapped "{[/common/sysFile/info/{id}]}" onto public com.base.common.utils.R com.base.common.controller.FileController.info(java.lang.Long)
2018-08-02 17:28:28 -Mapped "{[/common/sysFile/edit],methods=[GET]}" onto java.lang.String com.base.common.controller.FileController.edit(java.lang.Long,org.springframework.ui.Model)
2018-08-02 17:28:28 -Mapped "{[/common/sysFile],methods=[GET]}" onto java.lang.String com.base.common.controller.FileController.sysFile(org.springframework.ui.Model)
2018-08-02 17:28:28 -Mapped "{[/common/sysFile/upload],methods=[POST]}" onto com.base.common.utils.R com.base.common.controller.FileController.upload(org.springframework.web.multipart.MultipartFile,javax.servlet.http.HttpServletRequest)
2018-08-02 17:28:28 -Mapped "{[/common/generator/update],methods=[POST]}" onto com.base.common.utils.R com.base.common.controller.GeneratorController.update(java.util.Map<java.lang.String, java.lang.Object>)
2018-08-02 17:28:28 -Mapped "{[/common/generator/list],methods=[GET]}" onto java.util.List<java.util.Map<java.lang.String, java.lang.Object>> com.base.common.controller.GeneratorController.list()
2018-08-02 17:28:28 -Mapped "{[/common/generator/code/{tableName}]}" onto public void com.base.common.controller.GeneratorController.code(javax.servlet.http.HttpServletRequest,javax.servlet.http.HttpServletResponse,java.lang.String) throws java.io.IOException
2018-08-02 17:28:28 -Mapped "{[/common/generator],methods=[GET]}" onto java.lang.String com.base.common.controller.GeneratorController.generator()
2018-08-02 17:28:28 -Mapped "{[/common/generator/edit],methods=[GET]}" onto public java.lang.String com.base.common.controller.GeneratorController.edit(org.springframework.ui.Model)
2018-08-02 17:28:28 -Mapped "{[/common/generator/batchCode]}" onto public void com.base.common.controller.GeneratorController.batchCode(javax.servlet.http.HttpServletRequest,javax.servlet.http.HttpServletResponse,java.lang.String) throws java.io.IOException
2018-08-02 17:28:28 -Mapped "{[/common/job/add],methods=[GET]}" onto java.lang.String com.base.common.controller.JobController.add()
2018-08-02 17:28:28 -Mapped "{[/common/job/remove],methods=[POST]}" onto public com.base.common.utils.R com.base.common.controller.JobController.remove(java.lang.Long)
2018-08-02 17:28:28 -Mapped "{[/common/job/batchRemove],methods=[POST]}" onto public com.base.common.utils.R com.base.common.controller.JobController.remove(java.lang.Long[])
2018-08-02 17:28:28 -Mapped "{[/common/job/update],methods=[POST]}" onto public com.base.common.utils.R com.base.common.controller.JobController.update(com.base.common.domain.TaskDO)
2018-08-02 17:28:28 -Mapped "{[/common/job/list],methods=[GET]}" onto public com.base.common.utils.PageUtils com.base.common.controller.JobController.list(java.util.Map<java.lang.String, java.lang.Object>)
2018-08-02 17:28:28 -Mapped "{[/common/job/save],methods=[POST]}" onto public com.base.common.utils.R com.base.common.controller.JobController.save(com.base.common.domain.TaskDO)
2018-08-02 17:28:28 -Mapped "{[/common/job/info/{id}]}" onto public com.base.common.utils.R com.base.common.controller.JobController.info(java.lang.Long)
2018-08-02 17:28:28 -Mapped "{[/common/job/edit/{id}],methods=[GET]}" onto java.lang.String com.base.common.controller.JobController.edit(java.lang.Long,org.springframework.ui.Model)
2018-08-02 17:28:28 -Mapped "{[/common/job/changeJobStatus],methods=[POST]}" onto public com.base.common.utils.R com.base.common.controller.JobController.changeJobStatus(java.lang.Long,java.lang.String)
2018-08-02 17:28:28 -Mapped "{[/common/job],methods=[GET]}" onto java.lang.String com.base.common.controller.JobController.taskScheduleJob()
2018-08-02 17:28:28 -Mapped "{[/common/log/remove],methods=[POST]}" onto com.base.common.utils.R com.base.common.controller.LogController.remove(java.lang.Long)
2018-08-02 17:28:28 -Mapped "{[/common/log],methods=[GET]}" onto java.lang.String com.base.common.controller.LogController.log()
2018-08-02 17:28:28 -Mapped "{[/common/log/list],methods=[GET]}" onto com.base.common.domain.PageDO<com.base.common.domain.LogDO> com.base.common.controller.LogController.list(java.util.Map<java.lang.String, java.lang.Object>)
2018-08-02 17:28:28 -Mapped "{[/common/log/batchRemove],methods=[POST]}" onto com.base.common.utils.R com.base.common.controller.LogController.batchRemove(java.lang.Long[])
2018-08-02 17:28:28 -Mapped "{[/error]}" onto public com.base.common.utils.R com.base.common.exception.MainsiteErrorController.handleError(javax.servlet.http.HttpServletRequest,javax.servlet.http.HttpServletResponse)
2018-08-02 17:28:28 -Mapped "{[/error],produces=[text/html]}" onto public org.springframework.web.servlet.ModelAndView com.base.common.exception.MainsiteErrorController.errorHtml(javax.servlet.http.HttpServletRequest,javax.servlet.http.HttpServletResponse)
2018-08-02 17:28:28 -Mapped "{[/oa/notify/add],methods=[GET]}" onto java.lang.String com.base.oa.controller.NotifyController.add()
2018-08-02 17:28:28 -Mapped "{[/oa/notify/remove],methods=[POST]}" onto public com.base.common.utils.R com.base.oa.controller.NotifyController.remove(java.lang.Long)
2018-08-02 17:28:28 -Mapped "{[/oa/notify/batchRemove],methods=[POST]}" onto public com.base.common.utils.R com.base.oa.controller.NotifyController.remove(java.lang.Long[])
2018-08-02 17:28:28 -Mapped "{[/oa/notify/update]}" onto public com.base.common.utils.R com.base.oa.controller.NotifyController.update(com.base.oa.domain.NotifyDO)
2018-08-02 17:28:28 -Mapped "{[/oa/notify/read/{id}],methods=[GET]}" onto java.lang.String com.base.oa.controller.NotifyController.read(java.lang.Long,org.springframework.ui.Model)
2018-08-02 17:28:28 -Mapped "{[/oa/notify/list],methods=[GET]}" onto public com.base.common.utils.PageUtils com.base.oa.controller.NotifyController.list(java.util.Map<java.lang.String, java.lang.Object>)
2018-08-02 17:28:28 -Mapped "{[/oa/notify/save],methods=[POST]}" onto public com.base.common.utils.R com.base.oa.controller.NotifyController.save(com.base.oa.domain.NotifyDO)
2018-08-02 17:28:28 -Mapped "{[/oa/notify/message],methods=[GET]}" onto com.base.common.utils.PageUtils com.base.oa.controller.NotifyController.message()
2018-08-02 17:28:28 -Mapped "{[/oa/notify/selfList],methods=[GET]}" onto com.base.common.utils.PageUtils com.base.oa.controller.NotifyController.selfList(java.util.Map<java.lang.String, java.lang.Object>)
2018-08-02 17:28:28 -Mapped "{[/oa/notify/edit/{id}],methods=[GET]}" onto java.lang.String com.base.oa.controller.NotifyController.edit(java.lang.Long,org.springframework.ui.Model)
2018-08-02 17:28:28 -Mapped "{[/oa/notify],methods=[GET]}" onto java.lang.String com.base.oa.controller.NotifyController.oaNotify()
2018-08-02 17:28:28 -Mapped "{[/oa/notify/selfNotify],methods=[GET]}" onto java.lang.String com.base.oa.controller.NotifyController.selefNotify()
2018-08-02 17:28:28 -Mapped "{[/system/sysDept/add/{pId}],methods=[GET]}" onto java.lang.String com.base.system.controller.DeptController.add(java.lang.Long,org.springframework.ui.Model)
2018-08-02 17:28:28 -Mapped "{[/system/sysDept/remove],methods=[POST]}" onto public com.base.common.utils.R com.base.system.controller.DeptController.remove(java.lang.Long)
2018-08-02 17:28:28 -Mapped "{[/system/sysDept/batchRemove],methods=[POST]}" onto public com.base.common.utils.R com.base.system.controller.DeptController.remove(java.lang.Long[])
2018-08-02 17:28:28 -Mapped "{[/system/sysDept/update],methods=[POST]}" onto public com.base.common.utils.R com.base.system.controller.DeptController.update(com.base.system.domain.DeptDO)
2018-08-02 17:28:28 -Mapped "{[/system/sysDept/list],methods=[GET]}" onto public java.util.List<com.base.system.domain.DeptDO> com.base.system.controller.DeptController.list()
2018-08-02 17:28:28 -Mapped "{[/system/sysDept/save],methods=[POST]}" onto public com.base.common.utils.R com.base.system.controller.DeptController.save(com.base.system.domain.DeptDO)
2018-08-02 17:28:28 -Mapped "{[/system/sysDept/tree],methods=[GET]}" onto public com.base.common.domain.Tree<com.base.system.domain.DeptDO> com.base.system.controller.DeptController.tree()
2018-08-02 17:28:28 -Mapped "{[/system/sysDept/edit/{deptId}],methods=[GET]}" onto java.lang.String com.base.system.controller.DeptController.edit(java.lang.Long,org.springframework.ui.Model)
2018-08-02 17:28:28 -Mapped "{[/system/sysDept],methods=[GET]}" onto java.lang.String com.base.system.controller.DeptController.dept()
2018-08-02 17:28:28 -Mapped "{[/system/sysDept/treeView],methods=[GET]}" onto java.lang.String com.base.system.controller.DeptController.treeView()
2018-08-02 17:28:28 -Mapped "{[/index],methods=[GET]}" onto java.lang.String com.base.system.controller.LoginController.index(org.springframework.ui.Model)
2018-08-02 17:28:28 -Mapped "{[/main],methods=[GET]}" onto java.lang.String com.base.system.controller.LoginController.main()
2018-08-02 17:28:28 -Mapped "{[/login],methods=[GET]}" onto java.lang.String com.base.system.controller.LoginController.login()
2018-08-02 17:28:28 -Mapped "{[/logout],methods=[GET]}" onto java.lang.String com.base.system.controller.LoginController.logout()
2018-08-02 17:28:28 -Mapped "{[/ || ],methods=[GET]}" onto java.lang.String com.base.system.controller.LoginController.welcome(org.springframework.ui.Model)
2018-08-02 17:28:28 -Mapped "{[/login],methods=[POST]}" onto com.base.common.utils.R com.base.system.controller.LoginController.ajaxLogin(java.lang.String,java.lang.String)
2018-08-02 17:28:28 -Mapped "{[/sys/menu/add/{pId}],methods=[GET]}" onto java.lang.String com.base.system.controller.MenuController.add(org.springframework.ui.Model,java.lang.Long)
2018-08-02 17:28:28 -Mapped "{[/sys/menu/remove],methods=[POST]}" onto com.base.common.utils.R com.base.system.controller.MenuController.remove(java.lang.Long)
2018-08-02 17:28:28 -Mapped "{[/sys/menu/update],methods=[POST]}" onto com.base.common.utils.R com.base.system.controller.MenuController.update(com.base.system.domain.MenuDO)
2018-08-02 17:28:28 -Mapped "{[/sys/menu/list],methods=[GET]}" onto java.util.List<com.base.system.domain.MenuDO> com.base.system.controller.MenuController.list(java.util.Map<java.lang.String, java.lang.Object>)
2018-08-02 17:28:28 -Mapped "{[/sys/menu/save],methods=[POST]}" onto com.base.common.utils.R com.base.system.controller.MenuController.save(com.base.system.domain.MenuDO)
2018-08-02 17:28:28 -Mapped "{[/sys/menu/tree/{roleId}],methods=[GET]}" onto com.base.common.domain.Tree<com.base.system.domain.MenuDO> com.base.system.controller.MenuController.tree(java.lang.Long)
2018-08-02 17:28:28 -Mapped "{[/sys/menu/tree],methods=[GET]}" onto com.base.common.domain.Tree<com.base.system.domain.MenuDO> com.base.system.controller.MenuController.tree()
2018-08-02 17:28:28 -Mapped "{[/sys/menu/edit/{id}],methods=[GET]}" onto java.lang.String com.base.system.controller.MenuController.edit(org.springframework.ui.Model,java.lang.Long)
2018-08-02 17:28:28 -Mapped "{[/sys/menu],methods=[GET]}" onto java.lang.String com.base.system.controller.MenuController.menu(org.springframework.ui.Model)
2018-08-02 17:28:28 -Mapped "{[/sys/role/add],methods=[GET]}" onto java.lang.String com.base.system.controller.RoleController.add()
2018-08-02 17:28:28 -Mapped "{[/sys/role/update],methods=[POST]}" onto com.base.common.utils.R com.base.system.controller.RoleController.update(com.base.system.domain.RoleDO)
2018-08-02 17:28:28 -Mapped "{[/sys/role/list],methods=[GET]}" onto java.util.List<com.base.system.domain.RoleDO> com.base.system.controller.RoleController.list()
2018-08-02 17:28:28 -Mapped "{[/sys/role/remove],methods=[POST]}" onto com.base.common.utils.R com.base.system.controller.RoleController.save(java.lang.Long)
2018-08-02 17:28:28 -Mapped "{[/sys/role/save],methods=[POST]}" onto com.base.common.utils.R com.base.system.controller.RoleController.save(com.base.system.domain.RoleDO)
2018-08-02 17:28:28 -Mapped "{[/sys/role/batchRemove],methods=[POST]}" onto com.base.common.utils.R com.base.system.controller.RoleController.batchRemove(java.lang.Long[])
2018-08-02 17:28:28 -Mapped "{[/sys/role],methods=[GET]}" onto java.lang.String com.base.system.controller.RoleController.role()
2018-08-02 17:28:28 -Mapped "{[/sys/role/edit/{id}],methods=[GET]}" onto java.lang.String com.base.system.controller.RoleController.edit(java.lang.Long,org.springframework.ui.Model)
2018-08-02 17:28:28 -Mapped "{[/sys/online/list]}" onto public java.util.List<com.base.system.domain.UserOnline> com.base.system.controller.SessionController.list()
2018-08-02 17:28:28 -Mapped "{[/sys/online/sessionList]}" onto public java.util.Collection<org.apache.shiro.session.Session> com.base.system.controller.SessionController.sessionList()
2018-08-02 17:28:28 -Mapped "{[/sys/online],methods=[GET]}" onto public java.lang.String com.base.system.controller.SessionController.online()
2018-08-02 17:28:28 -Mapped "{[/sys/online/forceLogout/{sessionId}]}" onto public com.base.common.utils.R com.base.system.controller.SessionController.forceLogout(java.lang.String,org.springframework.web.servlet.mvc.support.RedirectAttributes)
2018-08-02 17:28:28 -Mapped "{[/sys/online/sysInfo]}" onto public com.base.common.utils.R com.base.system.controller.SessionController.sysInfo(javax.servlet.http.HttpServletRequest)
2018-08-02 17:28:28 -Mapped "{[/sys/user/exit],methods=[POST]}" onto boolean com.base.system.controller.UserController.exit(java.util.Map<java.lang.String, java.lang.Object>)
2018-08-02 17:28:28 -Mapped "{[/sys/user/add],methods=[GET]}" onto java.lang.String com.base.system.controller.UserController.add(org.springframework.ui.Model)
2018-08-02 17:28:28 -Mapped "{[/sys/user/remove],methods=[POST]}" onto com.base.common.utils.R com.base.system.controller.UserController.remove(java.lang.Long)
2018-08-02 17:28:28 -Mapped "{[/sys/user/update],methods=[POST]}" onto com.base.common.utils.R com.base.system.controller.UserController.update(com.base.system.domain.UserDO)
2018-08-02 17:28:28 -Mapped "{[/sys/user/list],methods=[GET]}" onto com.base.common.utils.PageUtils com.base.system.controller.UserController.list(java.util.Map<java.lang.String, java.lang.Object>)
2018-08-02 17:28:28 -Mapped "{[/sys/user/save],methods=[POST]}" onto com.base.common.utils.R com.base.system.controller.UserController.save(com.base.system.domain.UserDO)
2018-08-02 17:28:28 -Mapped "{[/sys/user/batchRemove],methods=[POST]}" onto com.base.common.utils.R com.base.system.controller.UserController.batchRemove(java.lang.Long[])
2018-08-02 17:28:28 -Mapped "{[/sys/user/tree],methods=[GET]}" onto public com.base.common.domain.Tree<com.base.system.domain.DeptDO> com.base.system.controller.UserController.tree()
2018-08-02 17:28:28 -Mapped "{[/sys/user],methods=[GET]}" onto java.lang.String com.base.system.controller.UserController.user(org.springframework.ui.Model)
2018-08-02 17:28:28 -Mapped "{[/sys/user/edit/{id}],methods=[GET]}" onto java.lang.String com.base.system.controller.UserController.edit(org.springframework.ui.Model,java.lang.Long)
2018-08-02 17:28:28 -Mapped "{[/sys/user/treeView],methods=[GET]}" onto java.lang.String com.base.system.controller.UserController.treeView()
2018-08-02 17:28:28 -Mapped "{[/sys/user/updatePeronal],methods=[POST]}" onto com.base.common.utils.R com.base.system.controller.UserController.updatePeronal(com.base.system.domain.UserDO)
2018-08-02 17:28:28 -Mapped "{[/sys/user/resetPwd],methods=[POST]}" onto com.base.common.utils.R com.base.system.controller.UserController.resetPwd(com.base.system.vo.UserVO)
2018-08-02 17:28:28 -Mapped "{[/sys/user/resetPwd/{id}],methods=[GET]}" onto java.lang.String com.base.system.controller.UserController.resetPwd(java.lang.Long,org.springframework.ui.Model)
2018-08-02 17:28:28 -Mapped "{[/sys/user/adminResetPwd],methods=[POST]}" onto com.base.common.utils.R com.base.system.controller.UserController.adminResetPwd(com.base.system.vo.UserVO)
2018-08-02 17:28:28 -Mapped "{[/sys/user/personal],methods=[GET]}" onto java.lang.String com.base.system.controller.UserController.personal(org.springframework.ui.Model)
2018-08-02 17:28:28 -Mapped "{[/sys/user/uploadImg],methods=[POST]}" onto com.base.common.utils.R com.base.system.controller.UserController.uploadImg(org.springframework.web.multipart.MultipartFile,java.lang.String,javax.servlet.http.HttpServletRequest)
2018-08-02 17:28:28 -Mapped "{[/v2/api-docs],methods=[GET],produces=[application/json || application/hal+json]}" onto public org.springframework.http.ResponseEntity<springfox.documentation.spring.web.json.Json> springfox.documentation.swagger2.web.Swagger2Controller.getDocumentation(java.lang.String,javax.servlet.http.HttpServletRequest)
2018-08-02 17:28:28 -Mapped "{[/swagger-resources]}" onto org.springframework.http.ResponseEntity<java.util.List<springfox.documentation.swagger.web.SwaggerResource>> springfox.documentation.swagger.web.ApiResourceController.swaggerResources()
2018-08-02 17:28:28 -Mapped "{[/swagger-resources/configuration/ui]}" onto org.springframework.http.ResponseEntity<springfox.documentation.swagger.web.UiConfiguration> springfox.documentation.swagger.web.ApiResourceController.uiConfiguration()
2018-08-02 17:28:28 -Mapped "{[/swagger-resources/configuration/security]}" onto org.springframework.http.ResponseEntity<springfox.documentation.swagger.web.SecurityConfiguration> springfox.documentation.swagger.web.ApiResourceController.securityConfiguration()
2018-08-02 17:28:28 -Initializing ExecutorService  'messageBrokerTaskScheduler'
2018-08-02 17:28:28 -Mapped URL path [/endpointChat/**] onto handler of type [class org.springframework.web.socket.sockjs.support.SockJsHttpRequestHandler]
2018-08-02 17:28:28 -Initializing ExecutorService  'brokerChannelExecutor'
2018-08-02 17:28:29 -Looking for @ControllerAdvice: org.springframework.boot.context.embedded.AnnotationConfigEmbeddedWebApplicationContext@27c34bb8: startup date [Thu Aug 02 17:28:17 CST 2018]; root of context hierarchy
2018-08-02 17:28:29 -Detected ResponseBodyAdvice bean in fastJsonpResponseBodyAdvice
2018-08-02 17:28:29 -Mapped URL path [/files/**] onto handler of type [class org.springframework.web.servlet.resource.ResourceHttpRequestHandler]
2018-08-02 17:28:29 -Mapped URL path [/webjars/**] onto handler of type [class org.springframework.web.servlet.resource.ResourceHttpRequestHandler]
2018-08-02 17:28:29 -Mapped URL path [/**] onto handler of type [class org.springframework.web.servlet.resource.ResourceHttpRequestHandler]
2018-08-02 17:28:29 -Detected @ExceptionHandler methods in BDExceptionHandler
2018-08-02 17:28:29 -Detected ResponseBodyAdvice implementation in fastJsonpResponseBodyAdvice
2018-08-02 17:28:29 -Mapped URL path [/**/favicon.ico] onto handler of type [class org.springframework.web.servlet.resource.ResourceHttpRequestHandler]
2018-08-02 17:28:31 -LiveReload server is running on port 35729
2018-08-02 17:28:31 -Registering beans for JMX exposure on startup
2018-08-02 17:28:31 -Bean with name 'dataSource' has been autodetected for JMX exposure
2018-08-02 17:28:31 -Located MBean 'dataSource': registering with JMX server as MBean [com.alibaba.druid.pool:name=dataSource,type=DruidDataSource]
2018-08-02 17:28:31 -Starting beans in phase 2147483647
2018-08-02 17:28:31 -Context refreshed
2018-08-02 17:28:31 -Found 1 custom documentation plugin(s)
2018-08-02 17:28:31 -Scanning for api listing references
2018-08-02 17:28:31 -Generating unique operation named: removeUsingPOST_1
2018-08-02 17:28:31 -Generating unique operation named: addUsingGET_1
2018-08-02 17:28:31 -Generating unique operation named: editUsingGET_1
2018-08-02 17:28:31 -Generating unique operation named: listUsingGET_1
2018-08-02 17:28:31 -Generating unique operation named: removeUsingPOST_2
2018-08-02 17:28:31 -Generating unique operation named: removeUsingPOST_3
2018-08-02 17:28:31 -Generating unique operation named: saveUsingPOST_1
2018-08-02 17:28:31 -Generating unique operation named: updateUsingPOST_1
2018-08-02 17:28:31 -Generating unique operation named: addUsingGET_2
2018-08-02 17:28:31 -Generating unique operation named: editUsingGET_2
2018-08-02 17:28:31 -Generating unique operation named: listUsingGET_2
2018-08-02 17:28:31 -Generating unique operation named: removeUsingPOST_4
2018-08-02 17:28:31 -Generating unique operation named: removeUsingPOST_5
2018-08-02 17:28:31 -Generating unique operation named: saveUsingPOST_2
2018-08-02 17:28:31 -Generating unique operation named: updateUsingGET_1
2018-08-02 17:28:31 -Generating unique operation named: updateUsingHEAD_1
2018-08-02 17:28:31 -Generating unique operation named: updateUsingPOST_2
2018-08-02 17:28:31 -Generating unique operation named: updateUsingPUT_1
2018-08-02 17:28:31 -Generating unique operation named: updateUsingPATCH_1
2018-08-02 17:28:31 -Generating unique operation named: updateUsingDELETE_1
2018-08-02 17:28:31 -Generating unique operation named: updateUsingOPTIONS_1
2018-08-02 17:28:31 -Generating unique operation named: updateUsingTRACE_1
2018-08-02 17:28:31 -Generating unique operation named: addUsingGET_3
2018-08-02 17:28:31 -Generating unique operation named: editUsingGET_3
2018-08-02 17:28:31 -Generating unique operation named: listUsingGET_3
2018-08-02 17:28:31 -Generating unique operation named: removeUsingPOST_6
2018-08-02 17:28:31 -Generating unique operation named: removeUsingPOST_7
2018-08-02 17:28:31 -Generating unique operation named: saveUsingPOST_3
2018-08-02 17:28:31 -Generating unique operation named: updateUsingGET_2
2018-08-02 17:28:31 -Generating unique operation named: updateUsingHEAD_2
2018-08-02 17:28:31 -Generating unique operation named: updateUsingPOST_3
2018-08-02 17:28:31 -Generating unique operation named: updateUsingPUT_2
2018-08-02 17:28:31 -Generating unique operation named: updateUsingPATCH_2
2018-08-02 17:28:31 -Generating unique operation named: updateUsingDELETE_2
2018-08-02 17:28:31 -Generating unique operation named: updateUsingOPTIONS_2
2018-08-02 17:28:31 -Generating unique operation named: updateUsingTRACE_2
2018-08-02 17:28:31 -Generating unique operation named: editUsingGET_4
2018-08-02 17:28:31 -Generating unique operation named: listUsingGET_4
2018-08-02 17:28:31 -Generating unique operation named: updateUsingPOST_4
2018-08-02 17:28:31 -Generating unique operation named: addUsingGET_4
2018-08-02 17:28:31 -Generating unique operation named: editUsingGET_5
2018-08-02 17:28:31 -Generating unique operation named: infoUsingGET_1
2018-08-02 17:28:31 -Generating unique operation named: infoUsingHEAD_1
2018-08-02 17:28:31 -Generating unique operation named: infoUsingPOST_1
2018-08-02 17:28:31 -Generating unique operation named: infoUsingPUT_1
2018-08-02 17:28:31 -Generating unique operation named: infoUsingPATCH_1
2018-08-02 17:28:31 -Generating unique operation named: infoUsingDELETE_1
2018-08-02 17:28:31 -Generating unique operation named: infoUsingOPTIONS_1
2018-08-02 17:28:31 -Generating unique operation named: infoUsingTRACE_1
2018-08-02 17:28:31 -Generating unique operation named: listUsingGET_5
2018-08-02 17:28:32 -Generating unique operation named: removeUsingPOST_8
2018-08-02 17:28:32 -Generating unique operation named: removeUsingPOST_9
2018-08-02 17:28:32 -Generating unique operation named: saveUsingPOST_4
2018-08-02 17:28:32 -Generating unique operation named: updateUsingPOST_5
2018-08-02 17:28:32 -Generating unique operation named: listUsingGET_6
2018-08-02 17:28:32 -Generating unique operation named: removeUsingPOST_10
2018-08-02 17:28:32 -Generating unique operation named: welcomeUsingGET_1
2018-08-02 17:28:32 -Generating unique operation named: addUsingGET_5
2018-08-02 17:28:32 -Generating unique operation named: editUsingGET_6
2018-08-02 17:28:32 -Generating unique operation named: listUsingGET_7
2018-08-02 17:28:32 -Generating unique operation named: removeUsingPOST_11
2018-08-02 17:28:32 -Generating unique operation named: saveUsingPOST_5
2018-08-02 17:28:32 -Generating unique operation named: treeUsingGET_1
2018-08-02 17:28:32 -Generating unique operation named: treeUsingGET_2
2018-08-02 17:28:32 -Generating unique operation named: updateUsingPOST_6
2018-08-02 17:28:32 -Generating unique operation named: addUsingGET_6
2018-08-02 17:28:32 -Generating unique operation named: editUsingGET_7
2018-08-02 17:28:32 -Generating unique operation named: listUsingGET_8
2018-08-02 17:28:32 -Generating unique operation named: removeUsingPOST_12
2018-08-02 17:28:32 -Generating unique operation named: removeUsingPOST_13
2018-08-02 17:28:32 -Generating unique operation named: saveUsingPOST_6
2018-08-02 17:28:32 -Generating unique operation named: updateUsingGET_3
2018-08-02 17:28:32 -Generating unique operation named: updateUsingHEAD_3
2018-08-02 17:28:32 -Generating unique operation named: updateUsingPOST_7
2018-08-02 17:28:32 -Generating unique operation named: updateUsingPUT_3
2018-08-02 17:28:32 -Generating unique operation named: updateUsingPATCH_3
2018-08-02 17:28:32 -Generating unique operation named: updateUsingDELETE_3
2018-08-02 17:28:32 -Generating unique operation named: updateUsingOPTIONS_3
2018-08-02 17:28:32 -Generating unique operation named: updateUsingTRACE_3
2018-08-02 17:28:32 -Generating unique operation named: addUsingGET_7
2018-08-02 17:28:32 -Generating unique operation named: batchRemoveUsingPOST_1
2018-08-02 17:28:32 -Generating unique operation named: editUsingGET_8
2018-08-02 17:28:32 -Generating unique operation named: listUsingGET_9
2018-08-02 17:28:32 -Generating unique operation named: saveUsingPOST_7
2018-08-02 17:28:32 -Generating unique operation named: saveUsingPOST_8
2018-08-02 17:28:32 -Generating unique operation named: updateUsingPOST_8
2018-08-02 17:28:32 -Generating unique operation named: listUsingGET_10
2018-08-02 17:28:32 -Generating unique operation named: addUsingGET_8
2018-08-02 17:28:32 -Generating unique operation named: batchRemoveUsingPOST_2
2018-08-02 17:28:32 -Generating unique operation named: editUsingGET_9
2018-08-02 17:28:32 -Generating unique operation named: listUsingGET_11
2018-08-02 17:28:32 -Generating unique operation named: removeUsingPOST_14
2018-08-02 17:28:32 -Generating unique operation named: saveUsingPOST_9
2018-08-02 17:28:32 -Generating unique operation named: treeUsingGET_3
2018-08-02 17:28:32 -Generating unique operation named: treeViewUsingGET_1
2018-08-02 17:28:32 -Generating unique operation named: updateUsingPOST_9
2018-08-02 17:28:32 -Starting Quartz Scheduler now
2018-08-02 17:28:32 -Scheduler schedulerFactoryBean_$_NON_CLUSTERED started.
2018-08-02 17:28:32 -Starting...
2018-08-02 17:28:32 -BrokerAvailabilityEvent[available=true, SimpleBrokerMessageHandler [DefaultSubscriptionRegistry[cache[0 destination(s)], registry[0 sessions]]]]
2018-08-02 17:28:32 -Started.
2018-08-02 17:28:32 -Initializing ProtocolHandler ["http-nio-80"]
2018-08-02 17:28:32 -Starting ProtocolHandler ["http-nio-80"]
2018-08-02 17:28:32 -Using a shared selector for servlet write/read
2018-08-02 17:28:32 -Tomcat started on port(s): 80 (http)
2018-08-02 17:28:32 -Started Application in 15.186 seconds (JVM running for 15.936)
